\BOOKMARK [0][-]{section*.1}{Abstract}{}% 1
\BOOKMARK [0][-]{section*.2}{Acknowledgement}{}% 2
\BOOKMARK [0][-]{section*.3}{\376\377\000R\000\351\000s\000u\000m\000\351}{}% 3
\BOOKMARK [0][-]{chapter.1}{Introduction}{}% 4
\BOOKMARK [1][-]{section.1.1}{Scheduling\040and\040simulators}{chapter.1}% 5
\BOOKMARK [2][-]{subsection.1.1.1}{A\040bit\040of\040context\040:\040High\040Performance\040Computing}{section.1.1}% 6
\BOOKMARK [2][-]{subsection.1.1.2}{The\040scheduling\040problem}{section.1.1}% 7
\BOOKMARK [2][-]{subsection.1.1.3}{The\040need\040for\040an\040infrastructure\040simulator}{section.1.1}% 8
\BOOKMARK [1][-]{section.1.2}{Batsim}{chapter.1}% 9
\BOOKMARK [1][-]{section.1.3}{Kubernetes}{chapter.1}% 10
\BOOKMARK [2][-]{subsection.1.3.1}{Kubernetes\040overview}{section.1.3}% 11
\BOOKMARK [3][-]{section*.5}{Cloud\040Native\040Computing}{subsection.1.3.1}% 12
\BOOKMARK [3][-]{section*.6}{Kubernetes\040concepts}{subsection.1.3.1}% 13
\BOOKMARK [2][-]{subsection.1.3.2}{HPC\040and\040Kubernetes}{section.1.3}% 14
\BOOKMARK [0][-]{chapter.2}{State\040of\040the\040art}{}% 15
\BOOKMARK [1][-]{section.2.1}{Infrastructure\040simulators}{chapter.2}% 16
\BOOKMARK [1][-]{section.2.2}{Kubernetes\040schedulers}{chapter.2}% 17
\BOOKMARK [2][-]{section*.7}{kube-scheduler}{section.2.2}% 18
\BOOKMARK [3][-]{section*.8}{kube-batch}{section*.7}% 19
\BOOKMARK [3][-]{section*.9}{Poseidon}{section*.7}% 20
\BOOKMARK [3][-]{section*.10}{bashScheduler\040by\040rothgar}{section*.7}% 21
\BOOKMARK [3][-]{section*.11}{random-scheduler\040by\040Banzaicloud}{section*.7}% 22
\BOOKMARK [3][-]{section*.12}{k8s-custom-scheduler\040by\040IBM}{section*.7}% 23
\BOOKMARK [3][-]{section*.13}{scheduler\040by\040kelseyhightower}{section*.7}% 24
\BOOKMARK [0][-]{chapter.3}{Problematic}{}% 25
\BOOKMARK [1][-]{section.3.1}{Objectives}{chapter.3}% 26
\BOOKMARK [1][-]{section.3.2}{Translation}{chapter.3}% 27
\BOOKMARK [1][-]{section.3.3}{Synchronization}{chapter.3}% 28
\BOOKMARK [0][-]{chapter.4}{Implementation}{}% 29
\BOOKMARK [1][-]{section.4.1}{Batkube\040architecture}{chapter.4}% 30
\BOOKMARK [1][-]{section.4.2}{API\040implementation}{chapter.4}% 31
\BOOKMARK [1][-]{section.4.3}{Time\040hijack}{chapter.4}% 32
\BOOKMARK [2][-]{subsection.4.3.1}{batsky-go}{section.4.3}% 33
\BOOKMARK [0][-]{chapter.5}{Evaluation}{}% 34
\BOOKMARK [0][-]{chapter.6}{Conclusion}{}% 35
\BOOKMARK [0][-]{section*.15}{Bibliography}{}% 36
