%EventDef PajeDefineContainerType 1
% Type string
% Alias string
% Name string
%EndEventDef

%EventDef PajeCreateContainer 2
% Time date 
% Type string  
% Alias string 
% Name string   
% Container string  
%EndEventDef

%EventDef PajeDestroyContainer 3
% Time date
% Name string 
% Type string
%EndEventDef

%EventDef PajeDefineStateType 4
% Alias string 
% Type string 
% Name string 
%EndEventDef

%EventDef PajeDefineEntityValue 5
% Alias string  
% Type string  
% Name string  
% Color color 
%EndEventDef

%EventDef PajeSetState 6
% Time date  
% Type string  
% Container string  
% Value string  
%EndEventDef 

%EventDef PajeDefineEventType 7
% Type string
% Alias string
% Name string
%EndEventDef

%EventDef PajeNewEvent 8
% Time date
% Type string
% Container string
% Value string
%EndEventDef

%EventDef PajeDefineVariableType 9
% Type string
% Alias string
% Name string
% Color string
%EndEventDef

%EventDef PajeSetVariable 10
% Time date
% Type string
% Container string
% Value double
%EndEventDef

# Container types creation
1 0 root_ct "Machines"
1 root_ct machine_ct "Machine"
1 0 scheduler_ct "Scheduler"
1 scheduler_ct killer_ct "Killer"

# Event types creation
7 killer_ct kk "Job kill"
7 machine_ct km "Job kill"

# Variable types creation
9 scheduler_ct vu_vt "Utilization" "0.0 0.5 0.0"

# Containers creation
2 0.000000 root_ct root "Machines" 0
2 0.000000 machine_ct m0 "graphene-10.nancy.grid5000.fr" root
2 0.000000 machine_ct m1 "graphene-11.nancy.grid5000.fr" root
2 0.000000 machine_ct m2 "graphene-12.nancy.grid5000.fr" root
2 0.000000 machine_ct m3 "graphene-13.nancy.grid5000.fr" root
2 0.000000 machine_ct m4 "graphene-14.nancy.grid5000.fr" root
2 0.000000 machine_ct m5 "graphene-15.nancy.grid5000.fr" root
2 0.000000 machine_ct m6 "graphene-16.nancy.grid5000.fr" root
2 0.000000 machine_ct m7 "graphene-2.nancy.grid5000.fr" root
2 0.000000 machine_ct m8 "graphene-3.nancy.grid5000.fr" root
2 0.000000 machine_ct m9 "graphene-4.nancy.grid5000.fr" root
2 0.000000 machine_ct m10 "graphene-5.nancy.grid5000.fr" root
2 0.000000 machine_ct m11 "graphene-6.nancy.grid5000.fr" root
2 0.000000 machine_ct m12 "graphene-7.nancy.grid5000.fr" root
2 0.000000 machine_ct m13 "graphene-8.nancy.grid5000.fr" root
2 0.000000 machine_ct m14 "graphene-9.nancy.grid5000.fr" root
2 0.000000 scheduler_ct sc "Scheduler" 0
2 0.000000 killer_ct k "Killer" sc

# States creation
4 machine_state machine_ct "Machine state"

# Creation of the different values the machine state can be
5 w machine_state "Waiting" "0.0 0.0 0.0"
5 l machine_state "Launching" "0.3 0.3 0.3"

# Begin of events
6 0.000000 machine_state m0 w
6 0.000000 machine_state m1 w
6 0.000000 machine_state m2 w
6 0.000000 machine_state m3 w
6 0.000000 machine_state m4 w
6 0.000000 machine_state m5 w
6 0.000000 machine_state m6 w
6 0.000000 machine_state m7 w
6 0.000000 machine_state m8 w
6 0.000000 machine_state m9 w
6 0.000000 machine_state m10 w
6 0.000000 machine_state m11 w
6 0.000000 machine_state m12 w
6 0.000000 machine_state m13 w
6 0.000000 machine_state m14 w
5 jw0!1 machine_state "w0!1" "1.000000 0.375000 0.000000"
6 2.245000 machine_state m4 jw0!1
5 jw0!3 machine_state "w0!3" "0.781250 0.000000 1.000000"
6 2.253000 machine_state m0 jw0!3
5 jw0!2 machine_state "w0!2" "0.968750 1.000000 0.000000"
6 2.260000 machine_state m3 jw0!2
6 12.245000 machine_state m4 w
6 12.253000 machine_state m0 w
6 12.260000 machine_state m3 w

# End of events, containers destruction
3 1802.132000 m0 machine_ct
3 1802.132000 m1 machine_ct
3 1802.132000 m2 machine_ct
3 1802.132000 m3 machine_ct
3 1802.132000 m4 machine_ct
3 1802.132000 m5 machine_ct
3 1802.132000 m6 machine_ct
3 1802.132000 m7 machine_ct
3 1802.132000 m8 machine_ct
3 1802.132000 m9 machine_ct
3 1802.132000 m10 machine_ct
3 1802.132000 m11 machine_ct
3 1802.132000 m12 machine_ct
3 1802.132000 m13 machine_ct
3 1802.132000 m14 machine_ct
3 1802.132000 root root_ct
