%EventDef PajeDefineContainerType 1
% Type string
% Alias string
% Name string
%EndEventDef

%EventDef PajeCreateContainer 2
% Time date 
% Type string  
% Alias string 
% Name string   
% Container string  
%EndEventDef

%EventDef PajeDestroyContainer 3
% Time date
% Name string 
% Type string
%EndEventDef

%EventDef PajeDefineStateType 4
% Alias string 
% Type string 
% Name string 
%EndEventDef

%EventDef PajeDefineEntityValue 5
% Alias string  
% Type string  
% Name string  
% Color color 
%EndEventDef

%EventDef PajeSetState 6
% Time date  
% Type string  
% Container string  
% Value string  
%EndEventDef 

%EventDef PajeDefineEventType 7
% Type string
% Alias string
% Name string
%EndEventDef

%EventDef PajeNewEvent 8
% Time date
% Type string
% Container string
% Value string
%EndEventDef

%EventDef PajeDefineVariableType 9
% Type string
% Alias string
% Name string
% Color string
%EndEventDef

%EventDef PajeSetVariable 10
% Time date
% Type string
% Container string
% Value double
%EndEventDef

# Container types creation
1 0 root_ct "Machines"
1 root_ct machine_ct "Machine"
1 0 scheduler_ct "Scheduler"
1 scheduler_ct killer_ct "Killer"

# Event types creation
7 killer_ct kk "Job kill"
7 machine_ct km "Job kill"

# Variable types creation
9 scheduler_ct vu_vt "Utilization" "0.0 0.5 0.0"

# Containers creation
2 0.000000 root_ct root "Machines" 0
2 0.000000 machine_ct m0 "graphene-10.nancy.grid5000.fr" root
2 0.000000 machine_ct m1 "graphene-11.nancy.grid5000.fr" root
2 0.000000 machine_ct m2 "graphene-12.nancy.grid5000.fr" root
2 0.000000 machine_ct m3 "graphene-13.nancy.grid5000.fr" root
2 0.000000 machine_ct m4 "graphene-14.nancy.grid5000.fr" root
2 0.000000 machine_ct m5 "graphene-15.nancy.grid5000.fr" root
2 0.000000 machine_ct m6 "graphene-16.nancy.grid5000.fr" root
2 0.000000 machine_ct m7 "graphene-2.nancy.grid5000.fr" root
2 0.000000 machine_ct m8 "graphene-3.nancy.grid5000.fr" root
2 0.000000 machine_ct m9 "graphene-4.nancy.grid5000.fr" root
2 0.000000 machine_ct m10 "graphene-5.nancy.grid5000.fr" root
2 0.000000 machine_ct m11 "graphene-6.nancy.grid5000.fr" root
2 0.000000 machine_ct m12 "graphene-7.nancy.grid5000.fr" root
2 0.000000 machine_ct m13 "graphene-8.nancy.grid5000.fr" root
2 0.000000 machine_ct m14 "graphene-9.nancy.grid5000.fr" root
2 0.000000 scheduler_ct sc "Scheduler" 0
2 0.000000 killer_ct k "Killer" sc

# States creation
4 machine_state machine_ct "Machine state"

# Creation of the different values the machine state can be
5 w machine_state "Waiting" "0.0 0.0 0.0"
5 l machine_state "Launching" "0.3 0.3 0.3"

# Begin of events
6 0.000000 machine_state m0 w
6 0.000000 machine_state m1 w
6 0.000000 machine_state m2 w
6 0.000000 machine_state m3 w
6 0.000000 machine_state m4 w
6 0.000000 machine_state m5 w
6 0.000000 machine_state m6 w
6 0.000000 machine_state m7 w
6 0.000000 machine_state m8 w
6 0.000000 machine_state m9 w
6 0.000000 machine_state m10 w
6 0.000000 machine_state m11 w
6 0.000000 machine_state m12 w
6 0.000000 machine_state m13 w
6 0.000000 machine_state m14 w
5 jw0!1 machine_state "w0!1" "1.000000 0.375000 0.000000"
6 2281.000000 machine_state m3 jw0!1
6 2291.000000 machine_state m3 w
5 jw0!10 machine_state "w0!10" "0.781250 0.000000 1.000000"
6 2297.000000 machine_state m12 jw0!10
6 2307.000000 machine_state m12 w
5 jw0!12 machine_state "w0!12" "0.968750 1.000000 0.000000"
6 2394.000000 machine_state m8 jw0!12
6 2404.000000 machine_state m8 w
5 jw0!11 machine_state "w0!11" "0.593750 1.000000 0.000000"
6 2427.001000 machine_state m1 jw0!11
6 2437.001000 machine_state m1 w
5 jw0!16 machine_state "w0!16" "0.000000 1.000000 0.250000"
6 2445.000000 machine_state m13 jw0!16
6 2455.000000 machine_state m13 w
5 jw0!13 machine_state "w0!13" "0.000000 0.718750 1.000000"
6 2532.000000 machine_state m11 jw0!13
6 2542.000000 machine_state m11 w
5 jw0!14 machine_state "w0!14" "0.406250 1.000000 0.000000"
6 2605.000000 machine_state m8 jw0!14
6 2615.000000 machine_state m8 w
5 jw0!15 machine_state "w0!15" "0.000000 0.625000 1.000000"
6 2628.000000 machine_state m4 jw0!15
6 2638.000000 machine_state m4 w
5 jw0!17 machine_state "w0!17" "0.000000 1.000000 0.437500"
6 2684.000000 machine_state m14 jw0!17
6 2694.000000 machine_state m14 w
5 jw0!18 machine_state "w0!18" "0.687500 0.000000 1.000000"
6 2706.000000 machine_state m0 jw0!18
6 2716.000000 machine_state m0 w
5 jw0!19 machine_state "w0!19" "0.000000 0.906250 1.000000"
6 2766.001000 machine_state m2 jw0!19
6 2776.001000 machine_state m2 w
5 jw0!2 machine_state "w0!2" "0.000000 0.343750 1.000000"
6 2784.003000 machine_state m14 jw0!2
6 2794.003000 machine_state m14 w
5 jw0!20 machine_state "w0!20" "0.218750 1.000000 0.000000"
6 2797.000000 machine_state m8 jw0!20
6 2807.000000 machine_state m8 w
5 jw0!21 machine_state "w0!21" "1.000000 0.187500 0.000000"
6 2818.000000 machine_state m6 jw0!21
6 2828.000000 machine_state m6 w
5 jw0!22 machine_state "w0!22" "0.406250 0.000000 1.000000"
6 2855.000000 machine_state m2 jw0!22
6 2865.000000 machine_state m2 w
5 jw0!23 machine_state "w0!23" "1.000000 0.000000 0.750000"
6 2891.000000 machine_state m0 jw0!23
6 2901.000000 machine_state m0 w
5 jw0!24 machine_state "w0!24" "1.000000 0.000000 0.468750"
6 2929.000000 machine_state m10 jw0!24
6 2939.000000 machine_state m10 w
5 jw0!25 machine_state "w0!25" "0.312500 1.000000 0.000000"
6 2949.000000 machine_state m4 jw0!25
6 2959.000000 machine_state m4 w
5 jw0!26 machine_state "w0!26" "0.000000 1.000000 1.000000"
6 2966.000000 machine_state m9 jw0!26
6 2976.000000 machine_state m9 w
5 jw0!28 machine_state "w0!28" "0.000000 0.250000 1.000000"
6 3067.001000 machine_state m5 jw0!28
6 3077.001000 machine_state m5 w
5 jw0!27 machine_state "w0!27" "1.000000 0.468750 0.000000"
6 3112.001000 machine_state m4 jw0!27
6 3122.001000 machine_state m4 w
5 jw0!30 machine_state "w0!30" "0.031250 1.000000 0.000000"
6 3157.006000 machine_state m0 jw0!30
6 3167.006000 machine_state m0 w
5 jw0!29 machine_state "w0!29" "1.000000 0.000000 0.656250"
6 3225.001000 machine_state m5 jw0!29
6 3235.001000 machine_state m5 w
5 jw0!3 machine_state "w0!3" "0.875000 1.000000 0.000000"
6 3245.001000 machine_state m10 jw0!3
6 3255.001000 machine_state m10 w
5 jw0!5 machine_state "w0!5" "0.687500 1.000000 0.000000"
6 3263.001000 machine_state m8 jw0!5
6 3273.001000 machine_state m8 w
5 jw0!4 machine_state "w0!4" "0.000000 0.062500 1.000000"
6 3301.001000 machine_state m4 jw0!4
6 3311.001000 machine_state m4 w
5 jw0!6 machine_state "w0!6" "0.000000 1.000000 0.531250"
6 3320.002000 machine_state m14 jw0!6
6 3330.002000 machine_state m14 w
5 jw0!7 machine_state "w0!7" "1.000000 0.000000 0.187500"
6 3361.002000 machine_state m5 jw0!7
6 3371.002000 machine_state m5 w
5 jw0!8 machine_state "w0!8" "1.000000 0.000000 0.093750"
6 3372.003000 machine_state m9 jw0!8
6 3382.003000 machine_state m9 w
5 jw0!9 machine_state "w0!9" "1.000000 0.000000 0.562500"
6 3396.001000 machine_state m10 jw0!9
6 3406.001000 machine_state m10 w

# End of events, containers destruction
3 4756.000000 m0 machine_ct
3 4756.000000 m1 machine_ct
3 4756.000000 m2 machine_ct
3 4756.000000 m3 machine_ct
3 4756.000000 m4 machine_ct
3 4756.000000 m5 machine_ct
3 4756.000000 m6 machine_ct
3 4756.000000 m7 machine_ct
3 4756.000000 m8 machine_ct
3 4756.000000 m9 machine_ct
3 4756.000000 m10 machine_ct
3 4756.000000 m11 machine_ct
3 4756.000000 m12 machine_ct
3 4756.000000 m13 machine_ct
3 4756.000000 m14 machine_ct
3 4756.000000 root root_ct
